<?xml version="1.0" encoding="UTF-8"?>
<!-- Generated by org.testng.reporters.JUnitXMLReporter -->
<testsuite ignored="2" hostname="DESKTOP-O5MDK6V" failures="0" tests="1" name="Default test" time="4.759" errors="0" timestamp="2022-07-26T16:53:06 IST">
  <testcase classname="tests2.LoginTest" name="login" time="4.709"/>
  <testcase classname="tests2.BaseTestClass" name="@AfterSuite afterSuite" time="0.0">
    <ignored/>
  </testcase> <!-- @AfterSuite afterSuite -->
  <testcase classname="tests2.BaseTestClass" name="@BeforeSuite initbrowser" time="0.0">
    <ignored/>
  </testcase> <!-- @BeforeSuite initbrowser -->
</testsuite> <!-- Default test -->
