<?xml version="1.0" encoding="UTF-8"?>
<testng-results ignored="2" total="3" passed="1" failed="0" skipped="0">
  <reporter-output>
  </reporter-output>
  <suite started-at="2022-07-26T16:53:01 IST" name="Default suite" finished-at="2022-07-26T16:53:06 IST" duration-ms="4759">
    <groups>
    </groups>
    <test started-at="2022-07-26T16:53:01 IST" name="Default test" finished-at="2022-07-26T16:53:06 IST" duration-ms="4759">
      <class name="tests2.LoginTest">
        <test-method is-config="true" signature="initbrowser()[pri:0, instance:tests2.LoginTest@5b8dfcc1]" started-at="2022-07-26T16:52:54 IST" name="initbrowser" finished-at="2022-07-26T16:53:01 IST" duration-ms="7330" status="PASS">
          <reporter-output>
          </reporter-output>
        </test-method> <!-- initbrowser -->
        <test-method signature="login()[pri:0, instance:tests2.LoginTest@5b8dfcc1]" started-at="2022-07-26T16:53:02 IST" name="login" finished-at="2022-07-26T16:53:06 IST" duration-ms="4709" status="PASS">
          <reporter-output>
          </reporter-output>
        </test-method> <!-- login -->
        <test-method is-config="true" signature="afterSuite()[pri:0, instance:tests2.LoginTest@5b8dfcc1]" started-at="2022-07-26T16:53:06 IST" name="afterSuite" finished-at="2022-07-26T16:53:06 IST" duration-ms="163" status="PASS">
          <reporter-output>
          </reporter-output>
        </test-method> <!-- afterSuite -->
      </class> <!-- tests2.LoginTest -->
    </test> <!-- Default test -->
  </suite> <!-- Default suite -->
</testng-results>
